27/12/2019 09:16:05 com.digitalpoint.logdata.LogCollection logged in Successfully
27/12/2019 09:16:45 com.digitalpoint.logdata.LogCollection HomePage Log in successfull
27/12/2019 09:16:46 com.digitalpoint.logdata.LogCollection All tab on Hope page function properly
27/12/2019 09:17:09 com.digitalpoint.logdata.LogCollection HomePage Log in successfull
27/12/2019 09:17:09 com.digitalpoint.logdata.LogCollection Verified  Home page Title
27/12/2019 09:17:09 freemarker.cache Couldn't find template in cache for "index.ftl"("en", UTF-8, parsed); will try to load it.
27/12/2019 09:17:09 freemarker.cache TemplateLoader.findTemplateSource("index_en.ftl"): Not found
27/12/2019 09:17:09 freemarker.cache TemplateLoader.findTemplateSource("index.ftl"): Found
27/12/2019 09:17:09 freemarker.cache Loading template for "index.ftl"("en", UTF-8, parsed) from "jar:file:/C:/Users/Admin/.m2/repository/com/aventstack/extentreports/3.1.5/extentreports-3.1.5.jar!/com/aventstack/extentreports/view/html-report/index.ftl"
27/12/2019 09:17:10 freemarker.cache Couldn't find template in cache for "head.ftl"("en", UTF-8, parsed); will try to load it.
27/12/2019 09:17:10 freemarker.cache TemplateLoader.findTemplateSource("head_en.ftl"): Not found
27/12/2019 09:17:10 freemarker.cache TemplateLoader.findTemplateSource("head.ftl"): Found
27/12/2019 09:17:10 freemarker.cache Loading template for "head.ftl"("en", UTF-8, parsed) from "jar:file:/C:/Users/Admin/.m2/repository/com/aventstack/extentreports/3.1.5/extentreports-3.1.5.jar!/com/aventstack/extentreports/view/html-report/head.ftl"
27/12/2019 09:17:10 freemarker.cache Couldn't find template in cache for "nav.ftl"("en", UTF-8, parsed); will try to load it.
27/12/2019 09:17:10 freemarker.cache TemplateLoader.findTemplateSource("nav_en.ftl"): Not found
27/12/2019 09:17:10 freemarker.cache TemplateLoader.findTemplateSource("nav.ftl"): Found
27/12/2019 09:17:10 freemarker.cache Loading template for "nav.ftl"("en", UTF-8, parsed) from "jar:file:/C:/Users/Admin/.m2/repository/com/aventstack/extentreports/3.1.5/extentreports-3.1.5.jar!/com/aventstack/extentreports/view/html-report/nav.ftl"
27/12/2019 09:17:10 freemarker.cache Couldn't find template in cache for "test-view/test-view.ftl"("en", UTF-8, parsed); will try to load it.
27/12/2019 09:17:10 freemarker.cache TemplateLoader.findTemplateSource("test-view/test-view_en.ftl"): Not found
27/12/2019 09:17:10 freemarker.cache TemplateLoader.findTemplateSource("test-view/test-view.ftl"): Found
27/12/2019 09:17:10 freemarker.cache Loading template for "test-view/test-view.ftl"("en", UTF-8, parsed) from "jar:file:/C:/Users/Admin/.m2/repository/com/aventstack/extentreports/3.1.5/extentreports-3.1.5.jar!/com/aventstack/extentreports/view/html-report/test-view/test-view.ftl"
27/12/2019 09:17:10 freemarker.cache Couldn't find template in cache for "test-view/test-view-charts.ftl"("en", UTF-8, parsed); will try to load it.
27/12/2019 09:17:10 freemarker.cache TemplateLoader.findTemplateSource("test-view/test-view-charts_en.ftl"): Not found
27/12/2019 09:17:10 freemarker.cache TemplateLoader.findTemplateSource("test-view/test-view-charts.ftl"): Found
27/12/2019 09:17:10 freemarker.cache Loading template for "test-view/test-view-charts.ftl"("en", UTF-8, parsed) from "jar:file:/C:/Users/Admin/.m2/repository/com/aventstack/extentreports/3.1.5/extentreports-3.1.5.jar!/com/aventstack/extentreports/view/html-report/test-view/test-view-charts.ftl"
27/12/2019 09:17:10 freemarker.cache Couldn't find template in cache for "test-view/standard.ftl"("en", UTF-8, parsed); will try to load it.
27/12/2019 09:17:10 freemarker.cache TemplateLoader.findTemplateSource("test-view/standard_en.ftl"): Not found
27/12/2019 09:17:10 freemarker.cache TemplateLoader.findTemplateSource("test-view/standard.ftl"): Found
27/12/2019 09:17:10 freemarker.cache Loading template for "test-view/standard.ftl"("en", UTF-8, parsed) from "jar:file:/C:/Users/Admin/.m2/repository/com/aventstack/extentreports/3.1.5/extentreports-3.1.5.jar!/com/aventstack/extentreports/view/html-report/test-view/standard.ftl"
27/12/2019 09:17:10 freemarker.cache "test-view/standard.ftl"("en", UTF-8, parsed) cached copy not yet stale; using cached.
27/12/2019 09:17:10 freemarker.cache "test-view/standard.ftl"("en", UTF-8, parsed) cached copy not yet stale; using cached.
27/12/2019 09:17:10 freemarker.cache "test-view/standard.ftl"("en", UTF-8, parsed) cached copy not yet stale; using cached.
27/12/2019 09:17:10 freemarker.cache Couldn't find template in cache for "category-view/category-view.ftl"("en", UTF-8, parsed); will try to load it.
27/12/2019 09:17:10 freemarker.cache TemplateLoader.findTemplateSource("category-view/category-view_en.ftl"): Not found
27/12/2019 09:17:10 freemarker.cache TemplateLoader.findTemplateSource("category-view/category-view.ftl"): Found
27/12/2019 09:17:10 freemarker.cache Loading template for "category-view/category-view.ftl"("en", UTF-8, parsed) from "jar:file:/C:/Users/Admin/.m2/repository/com/aventstack/extentreports/3.1.5/extentreports-3.1.5.jar!/com/aventstack/extentreports/view/html-report/category-view/category-view.ftl"
27/12/2019 09:17:10 freemarker.cache Couldn't find template in cache for "author-view/author-view.ftl"("en", UTF-8, parsed); will try to load it.
27/12/2019 09:17:10 freemarker.cache TemplateLoader.findTemplateSource("author-view/author-view_en.ftl"): Not found
27/12/2019 09:17:10 freemarker.cache TemplateLoader.findTemplateSource("author-view/author-view.ftl"): Found
27/12/2019 09:17:10 freemarker.cache Loading template for "author-view/author-view.ftl"("en", UTF-8, parsed) from "jar:file:/C:/Users/Admin/.m2/repository/com/aventstack/extentreports/3.1.5/extentreports-3.1.5.jar!/com/aventstack/extentreports/view/html-report/author-view/author-view.ftl"
27/12/2019 09:17:10 freemarker.cache Couldn't find template in cache for "exception-view/exception-view.ftl"("en", UTF-8, parsed); will try to load it.
27/12/2019 09:17:10 freemarker.cache TemplateLoader.findTemplateSource("exception-view/exception-view_en.ftl"): Not found
27/12/2019 09:17:10 freemarker.cache TemplateLoader.findTemplateSource("exception-view/exception-view.ftl"): Found
27/12/2019 09:17:10 freemarker.cache Loading template for "exception-view/exception-view.ftl"("en", UTF-8, parsed) from "jar:file:/C:/Users/Admin/.m2/repository/com/aventstack/extentreports/3.1.5/extentreports-3.1.5.jar!/com/aventstack/extentreports/view/html-report/exception-view/exception-view.ftl"
27/12/2019 09:17:10 freemarker.cache Couldn't find template in cache for "dashboard-view/dashboard-view.ftl"("en", UTF-8, parsed); will try to load it.
27/12/2019 09:17:10 freemarker.cache TemplateLoader.findTemplateSource("dashboard-view/dashboard-view_en.ftl"): Not found
27/12/2019 09:17:10 freemarker.cache TemplateLoader.findTemplateSource("dashboard-view/dashboard-view.ftl"): Found
27/12/2019 09:17:10 freemarker.cache Loading template for "dashboard-view/dashboard-view.ftl"("en", UTF-8, parsed) from "jar:file:/C:/Users/Admin/.m2/repository/com/aventstack/extentreports/3.1.5/extentreports-3.1.5.jar!/com/aventstack/extentreports/view/html-report/dashboard-view/dashboard-view.ftl"
27/12/2019 09:17:10 freemarker.cache Couldn't find template in cache for "logs-view/testrunner-logs-view.ftl"("en", UTF-8, parsed); will try to load it.
27/12/2019 09:17:10 freemarker.cache TemplateLoader.findTemplateSource("logs-view/testrunner-logs-view_en.ftl"): Not found
27/12/2019 09:17:10 freemarker.cache TemplateLoader.findTemplateSource("logs-view/testrunner-logs-view.ftl"): Found
27/12/2019 09:17:10 freemarker.cache Loading template for "logs-view/testrunner-logs-view.ftl"("en", UTF-8, parsed) from "jar:file:/C:/Users/Admin/.m2/repository/com/aventstack/extentreports/3.1.5/extentreports-3.1.5.jar!/com/aventstack/extentreports/view/html-report/logs-view/testrunner-logs-view.ftl"
